<?xml version="1.0" encoding="UTF-8"?>
<testsuite name="PangramTest" tests="10" skipped="0" failures="0" errors="0" timestamp="2019-08-06T21:47:45" hostname="Mike-Mac.local" time="0.08">
  <properties/>
  <testcase name="perfectLowercasePangram" classname="PangramTest" time="0.055"/>
  <testcase name="lowercasePangram" classname="PangramTest" time="0.001"/>
  <testcase name="anotherMissingCharacterX" classname="PangramTest" time="0.002"/>
  <testcase name="emptySentence" classname="PangramTest" time="0.0"/>
  <testcase name="missingLettersReplacedByNumbers" classname="PangramTest" time="0.002"/>
  <testcase name="withNumbers" classname="PangramTest" time="0.001"/>
  <testcase name="mixedCaseAndPunctuation" classname="PangramTest" time="0.002"/>
  <testcase name="withUnderscores" classname="PangramTest" time="0.0"/>
  <testcase name="missingCharacterX" classname="PangramTest" time="0.001"/>
  <testcase name="mixedCaseDuplicatedCharacters" classname="PangramTest" time="0.001"/>
  <system-out><![CDATA[]]></system-out>
  <system-err><![CDATA[]]></system-err>
</testsuite>
