<?xml version="1.0" encoding="UTF-8"?>
<testsuite name="AnagramTest" tests="12" skipped="3" failures="0" errors="0" timestamp="2019-08-29T07:19:14" hostname="Mike-Mac.local" time="0.09">
  <properties/>
  <testcase name="doesNotDetectAnagramSubsets" classname="AnagramTest" time="0.072"/>
  <testcase name="detectsTwoAnagrams" classname="AnagramTest" time="0.011"/>
  <testcase name="detectsAnagramsCaseInsensitively" classname="AnagramTest" time="0.0"/>
  <testcase name="doesNotDetectIdenticalUppercasedWordAsAnagram" classname="AnagramTest" time="0.001">
    <skipped/>
  </testcase>
  <testcase name="doesNotDetectNonAnagramsWithIdenticalChecksums" classname="AnagramTest" time="0.0"/>
  <testcase name="detectsAnagramsUsingCaseInsensitiveCandidates" classname="AnagramTest" time="0.0"/>
  <testcase name="detectsAnagram" classname="AnagramTest" time="0.001"/>
  <testcase name="anagramsMustUseAllLettersExactlyOnce" classname="AnagramTest" time="0.0">
    <skipped/>
  </testcase>
  <testcase name="doesNotDetectAnAnagramIfTheOriginalWordIsRepeated" classname="AnagramTest" time="0.0">
    <skipped/>
  </testcase>
  <testcase name="detectsThreeAnagrams" classname="AnagramTest" time="0.0"/>
  <testcase name="detectsAnagramsUsingCaseInsensitiveSubject" classname="AnagramTest" time="0.001"/>
  <testcase name="noMatches" classname="AnagramTest" time="0.0"/>
  <system-out><![CDATA[]]></system-out>
  <system-err><![CDATA[]]></system-err>
</testsuite>
